<?xml version="1.0" encoding="UTF-8"?>
<!-- Generated by org.testng.reporters.JUnitReportReporter -->
<testsuite hostname="Naumans-Air.home" failures="0" tests="1" name="arrayListExample" time="0.013" errors="0" timestamp="04 Oct 2019 00:59:37 GMT" skipped="0">
  <testcase classname="arrayListExample" name="love" time="0.013"/>
</testsuite> <!-- arrayListExample -->
