<?xml version="1.0" encoding="UTF-8"?>
<!-- Generated by org.testng.reporters.JUnitReportReporter -->
<testsuite hostname="Naumans-Air.home" failures="0" tests="3" name="Test.DemoTestClass3" time="0.004" errors="0" timestamp="07 Oct 2019 20:23:41 GMT" skipped="0">
  <testcase classname="Test.DemoTestClass3" name="HomeLoanMobileLogin" time="0.002"/>
  <testcase classname="Test.DemoTestClass3" name="HomeLoanAPILogin" time="0.001"/>
  <testcase classname="Test.DemoTestClass3" name="HomeLoanWebLogin" time="0.001"/>
</testsuite> <!-- Test.DemoTestClass3 -->
