<?xml version="1.0" encoding="UTF-8"?>
<!-- Generated by org.testng.reporters.JUnitReportReporter -->
<testsuite hostname="Naumans-Air.home" failures="0" tests="9" name="Test.DemoTestClass4" time="0.019" errors="0" timestamp="07 Oct 2019 20:23:41 GMT" skipped="0">
  <testcase classname="Test.DemoTestClass4" name="MobileCarLoanLogin2" time="0.004"/>
  <testcase classname="Test.DemoTestClass4" name="MobileCarLoanLogin5" time="0.001"/>
  <testcase classname="Test.DemoTestClass4" name="CarLoanAPILogin" time="0.003"/>
  <testcase classname="Test.DemoTestClass4" name="MobileCarLoanLogin4" time="0.002"/>
  <testcase classname="Test.DemoTestClass4" name="CarLoanWebLogin" time="0.002"/>
  <testcase classname="Test.DemoTestClass4" name="MobileCarLoanLogin3" time="0.002"/>
  <testcase classname="Test.DemoTestClass4" name="CarLoanWebLogin" time="0.002"/>
  <testcase classname="Test.DemoTestClass4" name="CarLoanAPILogin" time="0.001"/>
  <testcase classname="Test.DemoTestClass4" name="MobileCarLoanLogin1" time="0.002"/>
</testsuite> <!-- Test.DemoTestClass4 -->
