<?xml version="1.0" encoding="UTF-8"?>
<!-- Generated by org.testng.reporters.JUnitReportReporter -->
<testsuite hostname="Naumans-Air.home" failures="0" tests="4" name="Test.DemoTestClass5" time="0.023" errors="0" timestamp="07 Oct 2019 20:05:46 GMT" skipped="1">
  <testcase classname="Test.DemoTestClass5" name="Method2" time="0.004"/>
  <testcase classname="Test.DemoTestClass5" name="Method1" time="0.017"/>
  <testcase classname="Test.DemoTestClass5" name="Method4" time="0.002"/>
  <testcase classname="Test.DemoTestClass5" name="Method3">
    <skipped/>
  </testcase> <!-- Method3 -->
</testsuite> <!-- Test.DemoTestClass5 -->
