<?xml version="1.0" encoding="UTF-8"?>
<!-- Generated by org.testng.reporters.JUnitReportReporter -->
<testsuite hostname="Naumans-Air.home" failures="0" tests="1" name="Test.DemotestClass2" time="0.002" errors="0" timestamp="07 Oct 2019 20:23:41 GMT" skipped="0">
  <testcase classname="Test.DemotestClass2" name="test4" time="0.002"/>
</testsuite> <!-- Test.DemotestClass2 -->
