<?xml version="1.0" encoding="UTF-8"?>
<!-- Generated by org.testng.reporters.JUnitReportReporter -->
<testsuite hostname="Naumans-Air.home" failures="0" tests="4" name="Test.DemoTestClass6" time="0.026" errors="0" timestamp="07 Oct 2019 03:53:49 GMT" skipped="0">
  <testcase classname="Test.DemoTestClass6" name="dataPar2" time="0.004"/>
  <testcase classname="Test.DemoTestClass6" name="dataPar1" time="0.011"/>
  <testcase classname="Test.DemoTestClass6" name="dataPar2" time="0.009"/>
  <testcase classname="Test.DemoTestClass6" name="dataPar2" time="0.002"/>
</testsuite> <!-- Test.DemoTestClass6 -->
